<?xml version="1.0" encoding="UTF-8"?>
<coverage generated="1732741407939" clover="3.2.0">
  <project timestamp="1732741407939" name="All files">
    <metrics statements="77" coveredstatements="77" conditionals="29" coveredconditionals="26" methods="11" coveredmethods="11" elements="117" coveredelements="114" complexity="0" loc="77" ncloc="77" packages="1" files="6" classes="6"/>
    <file name="analyzeArray.ts" path="/home/gin/Projects/js/top/js/tdd/analyzeArray.ts">
      <metrics statements="28" coveredstatements="28" conditionals="8" coveredconditionals="5" methods="1" coveredmethods="1"/>
      <line num="1" count="1" type="stmt"/>
      <line num="2" count="1" type="stmt"/>
      <line num="3" count="1" type="stmt"/>
      <line num="4" count="1" type="stmt"/>
      <line num="5" count="1" type="stmt"/>
      <line num="6" count="1" type="stmt"/>
      <line num="7" count="1" type="stmt"/>
      <line num="8" count="1" type="cond" truecount="1" falsecount="0"/>
      <line num="9" count="12" type="stmt"/>
      <line num="10" count="12" type="stmt"/>
      <line num="11" count="12" type="cond" truecount="1" falsecount="0"/>
      <line num="12" count="12" type="cond" truecount="1" falsecount="0"/>
      <line num="13" count="12" type="stmt"/>
      <line num="14" count="12" type="stmt"/>
      <line num="15" count="12" type="stmt"/>
      <line num="16" count="12" type="cond" truecount="1" falsecount="0"/>
      <line num="17" count="49" type="cond" truecount="0" falsecount="1"/>
      <line num="18" count="49" type="cond" truecount="0" falsecount="1"/>
      <line num="19" count="49" type="cond" truecount="0" falsecount="1"/>
      <line num="20" count="12" type="stmt"/>
      <line num="21" count="12" type="stmt"/>
      <line num="22" count="12" type="stmt"/>
      <line num="23" count="12" type="cond" truecount="1" falsecount="0"/>
      <line num="24" count="12" type="stmt"/>
      <line num="25" count="12" type="stmt"/>
      <line num="26" count="12" type="stmt"/>
      <line num="27" count="1" type="stmt"/>
      <line num="28" count="1" type="stmt"/>
    </file>
    <file name="caesarCipher.ts" path="/home/gin/Projects/js/top/js/tdd/caesarCipher.ts">
      <metrics statements="33" coveredstatements="33" conditionals="14" coveredconditionals="14" methods="4" coveredmethods="4"/>
      <line num="1" count="1" type="cond" truecount="1" falsecount="0"/>
      <line num="2" count="13" type="cond" truecount="1" falsecount="0"/>
      <line num="3" count="1" type="stmt"/>
      <line num="4" count="1" type="stmt"/>
      <line num="5" count="1" type="cond" truecount="1" falsecount="0"/>
      <line num="6" count="22" type="cond" truecount="1" falsecount="0"/>
      <line num="7" count="1" type="stmt"/>
      <line num="8" count="1" type="stmt"/>
      <line num="9" count="1" type="cond" truecount="1" falsecount="0"/>
      <line num="10" count="22" type="stmt"/>
      <line num="11" count="22" type="stmt"/>
      <line num="12" count="22" type="stmt"/>
      <line num="13" count="22" type="cond" truecount="1" falsecount="0"/>
      <line num="14" count="9" type="stmt"/>
      <line num="15" count="22" type="cond" truecount="2" falsecount="0"/>
      <line num="16" count="12" type="stmt"/>
      <line num="17" count="13" type="cond" truecount="1" falsecount="0"/>
      <line num="18" count="1" type="stmt"/>
      <line num="19" count="1" type="cond" truecount="1" falsecount="0"/>
      <line num="20" count="21" type="stmt"/>
      <line num="21" count="21" type="stmt"/>
      <line num="22" count="21" type="stmt"/>
      <line num="23" count="21" type="stmt"/>
      <line num="24" count="21" type="stmt"/>
      <line num="25" count="22" type="cond" truecount="2" falsecount="0"/>
      <line num="26" count="22" type="stmt"/>
      <line num="27" count="22" type="stmt"/>
      <line num="28" count="22" type="stmt"/>
      <line num="29" count="1" type="stmt"/>
      <line num="30" count="1" type="cond" truecount="1" falsecount="0"/>
      <line num="31" count="1" type="cond" truecount="1" falsecount="0"/>
      <line num="32" count="1" type="stmt"/>
      <line num="33" count="1" type="stmt"/>
    </file>
    <file name="calculator.ts" path="/home/gin/Projects/js/top/js/tdd/calculator.ts">
      <metrics statements="8" coveredstatements="8" conditionals="4" coveredconditionals="4" methods="4" coveredmethods="4"/>
      <line num="1" count="1" type="stmt"/>
      <line num="2" count="1" type="cond" truecount="1" falsecount="0"/>
      <line num="3" count="1" type="cond" truecount="1" falsecount="0"/>
      <line num="4" count="1" type="cond" truecount="1" falsecount="0"/>
      <line num="5" count="1" type="cond" truecount="1" falsecount="0"/>
      <line num="6" count="1" type="stmt"/>
      <line num="7" count="1" type="stmt"/>
      <line num="8" count="1" type="stmt"/>
    </file>
    <file name="capitalize.ts" path="/home/gin/Projects/js/top/js/tdd/capitalize.ts">
      <metrics statements="3" coveredstatements="3" conditionals="1" coveredconditionals="1" methods="1" coveredmethods="1"/>
      <line num="1" count="1" type="cond" truecount="1" falsecount="0"/>
      <line num="2" count="1" type="stmt"/>
      <line num="3" count="1" type="stmt"/>
    </file>
    <file name="reverseString.ts" path="/home/gin/Projects/js/top/js/tdd/reverseString.ts">
      <metrics statements="4" coveredstatements="4" conditionals="2" coveredconditionals="2" methods="1" coveredmethods="1"/>
      <line num="1" count="1" type="cond" truecount="1" falsecount="0"/>
      <line num="2" count="1" type="cond" truecount="1" falsecount="0"/>
      <line num="3" count="1" type="stmt"/>
      <line num="4" count="1" type="stmt"/>
    </file>
    <file name="sum.ts" path="/home/gin/Projects/js/top/js/tdd/sum.ts">
      <metrics statements="1" coveredstatements="1" conditionals="0" coveredconditionals="0" methods="0" coveredmethods="0"/>
      <line num="1" count="1" type="stmt"/>
    </file>
  </project>
</coverage>
