{"/home/gin/Projects/js/top/js/tdd/analyzeArray.ts": {"path":"/home/gin/Projects/js/top/js/tdd/analyzeArray.ts","all":false,"statementMap":{"0":{"start":{"line":1,"column":0},"end":{"line":1,"column":20}},"1":{"start":{"line":2,"column":0},"end":{"line":2,"column":18}},"2":{"start":{"line":3,"column":0},"end":{"line":3,"column":14}},"3":{"start":{"line":4,"column":0},"end":{"line":4,"column":14}},"4":{"start":{"line":5,"column":0},"end":{"line":5,"column":17}},"5":{"start":{"line":6,"column":0},"end":{"line":6,"column":1}},"6":{"start":{"line":7,"column":0},"end":{"line":7,"column":0}},"7":{"start":{"line":8,"column":0},"end":{"line":8,"column":65}},"8":{"start":{"line":9,"column":0},"end":{"line":9,"column":18}},"9":{"start":{"line":10,"column":0},"end":{"line":10,"column":15}},"10":{"start":{"line":11,"column":0},"end":{"line":11,"column":24}},"11":{"start":{"line":12,"column":0},"end":{"line":12,"column":24}},"12":{"start":{"line":13,"column":0},"end":{"line":13,"column":23}},"13":{"start":{"line":14,"column":0},"end":{"line":14,"column":4}},"14":{"start":{"line":15,"column":0},"end":{"line":15,"column":2}},"15":{"start":{"line":16,"column":0},"end":{"line":16,"column":22}},"16":{"start":{"line":17,"column":0},"end":{"line":17,"column":29}},"17":{"start":{"line":18,"column":0},"end":{"line":18,"column":55}},"18":{"start":{"line":19,"column":0},"end":{"line":19,"column":55}},"19":{"start":{"line":20,"column":0},"end":{"line":20,"column":5}},"20":{"start":{"line":21,"column":0},"end":{"line":21,"column":0}},"21":{"start":{"line":22,"column":0},"end":{"line":22,"column":33}},"22":{"start":{"line":23,"column":0},"end":{"line":23,"column":52}},"23":{"start":{"line":24,"column":0},"end":{"line":24,"column":0}},"24":{"start":{"line":25,"column":0},"end":{"line":25,"column":31}},"25":{"start":{"line":26,"column":0},"end":{"line":26,"column":2}},"26":{"start":{"line":27,"column":0},"end":{"line":27,"column":0}},"27":{"start":{"line":28,"column":0},"end":{"line":28,"column":28}}},"s":{"0":1,"1":1,"2":1,"3":1,"4":1,"5":1,"6":1,"7":1,"8":12,"9":12,"10":12,"11":12,"12":12,"13":12,"14":12,"15":12,"16":49,"17":49,"18":49,"19":12,"20":12,"21":12,"22":12,"23":12,"24":12,"25":12,"26":1,"27":1},"branchMap":{"0":{"type":"branch","line":8,"loc":{"start":{"line":8,"column":22},"end":{"line":26,"column":2}},"locations":[{"start":{"line":8,"column":22},"end":{"line":26,"column":2}}]},"1":{"type":"branch","line":11,"loc":{"start":{"line":11,"column":18},"end":{"line":11,"column":23}},"locations":[{"start":{"line":11,"column":18},"end":{"line":11,"column":23}}]},"2":{"type":"branch","line":12,"loc":{"start":{"line":12,"column":18},"end":{"line":12,"column":23}},"locations":[{"start":{"line":12,"column":18},"end":{"line":12,"column":23}}]},"3":{"type":"branch","line":23,"loc":{"start":{"line":23,"column":46},"end":{"line":23,"column":51}},"locations":[{"start":{"line":23,"column":46},"end":{"line":23,"column":51}}]},"4":{"type":"branch","line":16,"loc":{"start":{"line":16,"column":15},"end":{"line":20,"column":3}},"locations":[{"start":{"line":16,"column":15},"end":{"line":20,"column":3}}]},"5":{"type":"branch","line":17,"loc":{"start":{"line":17,"column":23},"end":{"line":17,"column":28}},"locations":[{"start":{"line":17,"column":23},"end":{"line":17,"column":28}}]},"6":{"type":"branch","line":18,"loc":{"start":{"line":18,"column":39},"end":{"line":18,"column":53}},"locations":[{"start":{"line":18,"column":39},"end":{"line":18,"column":53}}]},"7":{"type":"branch","line":19,"loc":{"start":{"line":19,"column":39},"end":{"line":19,"column":53}},"locations":[{"start":{"line":19,"column":39},"end":{"line":19,"column":53}}]}},"b":{"0":[12],"1":[4],"2":[4],"3":[4],"4":[49],"5":[0],"6":[0],"7":[0]},"fnMap":{"0":{"name":"analyzeArray","decl":{"start":{"line":8,"column":22},"end":{"line":26,"column":2}},"loc":{"start":{"line":8,"column":22},"end":{"line":26,"column":2}},"line":8}},"f":{"0":12}}
,"/home/gin/Projects/js/top/js/tdd/caesarCipher.ts": {"path":"/home/gin/Projects/js/top/js/tdd/caesarCipher.ts","all":false,"statementMap":{"0":{"start":{"line":1,"column":0},"end":{"line":1,"column":44}},"1":{"start":{"line":2,"column":0},"end":{"line":2,"column":61}},"2":{"start":{"line":3,"column":0},"end":{"line":3,"column":39}},"3":{"start":{"line":4,"column":0},"end":{"line":4,"column":0}},"4":{"start":{"line":5,"column":0},"end":{"line":5,"column":44}},"5":{"start":{"line":6,"column":0},"end":{"line":6,"column":61}},"6":{"start":{"line":7,"column":0},"end":{"line":7,"column":39}},"7":{"start":{"line":8,"column":0},"end":{"line":8,"column":0}},"8":{"start":{"line":9,"column":0},"end":{"line":9,"column":55}},"9":{"start":{"line":10,"column":0},"end":{"line":10,"column":18}},"10":{"start":{"line":11,"column":0},"end":{"line":11,"column":18}},"11":{"start":{"line":12,"column":0},"end":{"line":12,"column":0}},"12":{"start":{"line":13,"column":0},"end":{"line":13,"column":24}},"13":{"start":{"line":14,"column":0},"end":{"line":14,"column":64}},"14":{"start":{"line":15,"column":0},"end":{"line":15,"column":31}},"15":{"start":{"line":16,"column":0},"end":{"line":16,"column":64}},"16":{"start":{"line":17,"column":0},"end":{"line":17,"column":10}},"17":{"start":{"line":18,"column":0},"end":{"line":18,"column":13}},"18":{"start":{"line":19,"column":0},"end":{"line":19,"column":3}},"19":{"start":{"line":20,"column":0},"end":{"line":20,"column":0}},"20":{"start":{"line":21,"column":0},"end":{"line":21,"column":48}},"21":{"start":{"line":22,"column":0},"end":{"line":22,"column":31}},"22":{"start":{"line":23,"column":0},"end":{"line":23,"column":56}},"23":{"start":{"line":24,"column":0},"end":{"line":24,"column":29}},"24":{"start":{"line":25,"column":0},"end":{"line":25,"column":70}},"25":{"start":{"line":26,"column":0},"end":{"line":26,"column":0}},"26":{"start":{"line":27,"column":0},"end":{"line":27,"column":42}},"27":{"start":{"line":28,"column":0},"end":{"line":28,"column":2}},"28":{"start":{"line":29,"column":0},"end":{"line":29,"column":0}},"29":{"start":{"line":30,"column":0},"end":{"line":30,"column":62}},"30":{"start":{"line":31,"column":0},"end":{"line":31,"column":53}},"31":{"start":{"line":32,"column":0},"end":{"line":32,"column":0}},"32":{"start":{"line":33,"column":0},"end":{"line":33,"column":28}}},"s":{"0":1,"1":13,"2":1,"3":1,"4":1,"5":22,"6":1,"7":1,"8":1,"9":22,"10":22,"11":22,"12":22,"13":9,"14":22,"15":12,"16":13,"17":1,"18":1,"19":21,"20":21,"21":21,"22":21,"23":21,"24":22,"25":22,"26":22,"27":22,"28":1,"29":1,"30":1,"31":1,"32":1},"branchMap":{"0":{"type":"branch","line":1,"loc":{"start":{"line":1,"column":22},"end":{"line":3,"column":38}},"locations":[{"start":{"line":1,"column":22},"end":{"line":3,"column":38}}]},"1":{"type":"branch","line":2,"loc":{"start":{"line":2,"column":57},"end":{"line":3,"column":38}},"locations":[{"start":{"line":2,"column":57},"end":{"line":3,"column":38}}]},"2":{"type":"branch","line":5,"loc":{"start":{"line":5,"column":22},"end":{"line":7,"column":38}},"locations":[{"start":{"line":5,"column":22},"end":{"line":7,"column":38}}]},"3":{"type":"branch","line":6,"loc":{"start":{"line":6,"column":57},"end":{"line":7,"column":38}},"locations":[{"start":{"line":6,"column":57},"end":{"line":7,"column":38}}]},"4":{"type":"branch","line":9,"loc":{"start":{"line":9,"column":18},"end":{"line":28,"column":2}},"locations":[{"start":{"line":9,"column":18},"end":{"line":28,"column":2}}]},"5":{"type":"branch","line":13,"loc":{"start":{"line":13,"column":23},"end":{"line":15,"column":3}},"locations":[{"start":{"line":13,"column":23},"end":{"line":15,"column":3}}]},"6":{"type":"branch","line":15,"loc":{"start":{"line":15,"column":3},"end":{"line":19,"column":3}},"locations":[{"start":{"line":15,"column":3},"end":{"line":19,"column":3}}]},"7":{"type":"branch","line":15,"loc":{"start":{"line":15,"column":30},"end":{"line":17,"column":3}},"locations":[{"start":{"line":15,"column":30},"end":{"line":17,"column":3}}]},"8":{"type":"branch","line":17,"loc":{"start":{"line":17,"column":3},"end":{"line":19,"column":3}},"locations":[{"start":{"line":17,"column":3},"end":{"line":19,"column":3}}]},"9":{"type":"branch","line":19,"loc":{"start":{"line":19,"column":2},"end":{"line":25,"column":24}},"locations":[{"start":{"line":19,"column":2},"end":{"line":25,"column":24}}]},"10":{"type":"branch","line":25,"loc":{"start":{"line":25,"column":21},"end":{"line":25,"column":59}},"locations":[{"start":{"line":25,"column":21},"end":{"line":25,"column":59}}]},"11":{"type":"branch","line":25,"loc":{"start":{"line":25,"column":59},"end":{"line":25,"column":69}},"locations":[{"start":{"line":25,"column":59},"end":{"line":25,"column":69}}]},"12":{"type":"branch","line":30,"loc":{"start":{"line":30,"column":21},"end":{"line":31,"column":52}},"locations":[{"start":{"line":30,"column":21},"end":{"line":31,"column":52}}]},"13":{"type":"branch","line":31,"loc":{"start":{"line":31,"column":19},"end":{"line":31,"column":42}},"locations":[{"start":{"line":31,"column":19},"end":{"line":31,"column":42}}]}},"b":{"0":[13],"1":[12],"2":[22],"3":[9],"4":[22],"5":[9],"6":[13],"7":[12],"8":[1],"9":[21],"10":[6],"11":[15],"12":[7],"13":[22]},"fnMap":{"0":{"name":"isUpperAlpha","decl":{"start":{"line":1,"column":22},"end":{"line":3,"column":38}},"loc":{"start":{"line":1,"column":22},"end":{"line":3,"column":38}},"line":1},"1":{"name":"isLowerAlpha","decl":{"start":{"line":5,"column":22},"end":{"line":7,"column":38}},"loc":{"start":{"line":5,"column":22},"end":{"line":7,"column":38}},"line":5},"2":{"name":"clampChar","decl":{"start":{"line":9,"column":18},"end":{"line":28,"column":2}},"loc":{"start":{"line":9,"column":18},"end":{"line":28,"column":2}},"line":9},"3":{"name":"caesarCipher","decl":{"start":{"line":30,"column":21},"end":{"line":31,"column":52}},"loc":{"start":{"line":30,"column":21},"end":{"line":31,"column":52}},"line":30}},"f":{"0":13,"1":22,"2":22,"3":7}}
,"/home/gin/Projects/js/top/js/tdd/calculator.ts": {"path":"/home/gin/Projects/js/top/js/tdd/calculator.ts","all":false,"statementMap":{"0":{"start":{"line":1,"column":0},"end":{"line":1,"column":20}},"1":{"start":{"line":2,"column":0},"end":{"line":2,"column":59}},"2":{"start":{"line":3,"column":0},"end":{"line":3,"column":64}},"3":{"start":{"line":4,"column":0},"end":{"line":4,"column":64}},"4":{"start":{"line":5,"column":0},"end":{"line":5,"column":62}},"5":{"start":{"line":6,"column":0},"end":{"line":6,"column":2}},"6":{"start":{"line":7,"column":0},"end":{"line":7,"column":0}},"7":{"start":{"line":8,"column":0},"end":{"line":8,"column":41}}},"s":{"0":1,"1":1,"2":1,"3":1,"4":1,"5":1,"6":1,"7":1},"branchMap":{"0":{"type":"branch","line":2,"loc":{"start":{"line":2,"column":7},"end":{"line":2,"column":58}},"locations":[{"start":{"line":2,"column":7},"end":{"line":2,"column":58}}]},"1":{"type":"branch","line":3,"loc":{"start":{"line":3,"column":12},"end":{"line":3,"column":63}},"locations":[{"start":{"line":3,"column":12},"end":{"line":3,"column":63}}]},"2":{"type":"branch","line":4,"loc":{"start":{"line":4,"column":12},"end":{"line":4,"column":63}},"locations":[{"start":{"line":4,"column":12},"end":{"line":4,"column":63}}]},"3":{"type":"branch","line":5,"loc":{"start":{"line":5,"column":10},"end":{"line":5,"column":62}},"locations":[{"start":{"line":5,"column":10},"end":{"line":5,"column":62}}]}},"b":{"0":[5],"1":[5],"2":[5],"3":[5]},"fnMap":{"0":{"name":"add","decl":{"start":{"line":2,"column":7},"end":{"line":2,"column":58}},"loc":{"start":{"line":2,"column":7},"end":{"line":2,"column":58}},"line":2},"1":{"name":"subtract","decl":{"start":{"line":3,"column":12},"end":{"line":3,"column":63}},"loc":{"start":{"line":3,"column":12},"end":{"line":3,"column":63}},"line":3},"2":{"name":"multiply","decl":{"start":{"line":4,"column":12},"end":{"line":4,"column":63}},"loc":{"start":{"line":4,"column":12},"end":{"line":4,"column":63}},"line":4},"3":{"name":"divide","decl":{"start":{"line":5,"column":10},"end":{"line":5,"column":62}},"loc":{"start":{"line":5,"column":10},"end":{"line":5,"column":62}},"line":5}},"f":{"0":5,"1":5,"2":5,"3":5}}
,"/home/gin/Projects/js/top/js/tdd/capitalize.ts": {"path":"/home/gin/Projects/js/top/js/tdd/capitalize.ts","all":false,"statementMap":{"0":{"start":{"line":1,"column":0},"end":{"line":1,"column":103}},"1":{"start":{"line":2,"column":0},"end":{"line":2,"column":0}},"2":{"start":{"line":3,"column":0},"end":{"line":3,"column":26}}},"s":{"0":1,"1":1,"2":1},"branchMap":{"0":{"type":"branch","line":1,"loc":{"start":{"line":1,"column":20},"end":{"line":1,"column":102}},"locations":[{"start":{"line":1,"column":20},"end":{"line":1,"column":102}}]}},"b":{"0":[3]},"fnMap":{"0":{"name":"capitalize","decl":{"start":{"line":1,"column":20},"end":{"line":1,"column":102}},"loc":{"start":{"line":1,"column":20},"end":{"line":1,"column":102}},"line":1}},"f":{"0":3}}
,"/home/gin/Projects/js/top/js/tdd/reverseString.ts": {"path":"/home/gin/Projects/js/top/js/tdd/reverseString.ts","all":false,"statementMap":{"0":{"start":{"line":1,"column":0},"end":{"line":1,"column":46}},"1":{"start":{"line":2,"column":0},"end":{"line":2,"column":57}},"2":{"start":{"line":3,"column":0},"end":{"line":3,"column":0}},"3":{"start":{"line":4,"column":0},"end":{"line":4,"column":29}}},"s":{"0":1,"1":1,"2":1,"3":1},"branchMap":{"0":{"type":"branch","line":1,"loc":{"start":{"line":1,"column":23},"end":{"line":2,"column":56}},"locations":[{"start":{"line":1,"column":23},"end":{"line":2,"column":56}}]},"1":{"type":"branch","line":2,"loc":{"start":{"line":2,"column":18},"end":{"line":2,"column":46}},"locations":[{"start":{"line":2,"column":18},"end":{"line":2,"column":46}}]}},"b":{"0":[4],"1":[29]},"fnMap":{"0":{"name":"reverseString","decl":{"start":{"line":1,"column":23},"end":{"line":2,"column":56}},"loc":{"start":{"line":1,"column":23},"end":{"line":2,"column":56}},"line":1}},"f":{"0":4}}
,"/home/gin/Projects/js/top/js/tdd/sum.ts": {"path":"/home/gin/Projects/js/top/js/tdd/sum.ts","all":false,"statementMap":{"0":{"start":{"line":1,"column":0},"end":{"line":1,"column":0}}},"s":{"0":1},"branchMap":{},"b":{},"fnMap":{},"f":{}}
}
