{"/home/gin/Projects/js/top/js/tdd/capitalize.ts": {"path":"/home/gin/Projects/js/top/js/tdd/capitalize.ts","all":false,"statementMap":{"0":{"start":{"line":1,"column":0},"end":{"line":1,"column":103}},"1":{"start":{"line":2,"column":0},"end":{"line":2,"column":0}},"2":{"start":{"line":3,"column":0},"end":{"line":3,"column":26}}},"s":{"0":1,"1":1,"2":1},"branchMap":{"0":{"type":"branch","line":1,"loc":{"start":{"line":1,"column":20},"end":{"line":1,"column":102}},"locations":[{"start":{"line":1,"column":20},"end":{"line":1,"column":102}}]}},"b":{"0":[3]},"fnMap":{"0":{"name":"capitalize","decl":{"start":{"line":1,"column":20},"end":{"line":1,"column":102}},"loc":{"start":{"line":1,"column":20},"end":{"line":1,"column":102}},"line":1}},"f":{"0":3}}
,"/home/gin/Projects/js/top/js/tdd/sum.ts": {"path":"/home/gin/Projects/js/top/js/tdd/sum.ts","all":false,"statementMap":{"0":{"start":{"line":1,"column":0},"end":{"line":1,"column":0}},"1":{"start":{"line":1,"column":0},"end":{"line":1,"column":42}},"2":{"start":{"line":2,"column":0},"end":{"line":2,"column":41}},"3":{"start":{"line":3,"column":0},"end":{"line":3,"column":0}},"4":{"start":{"line":4,"column":0},"end":{"line":4,"column":19}}},"s":{"0":2,"1":1,"2":1,"3":1,"4":1},"branchMap":{"0":{"type":"branch","line":1,"loc":{"start":{"line":1,"column":12},"end":{"line":2,"column":40}},"locations":[{"start":{"line":1,"column":12},"end":{"line":2,"column":40}}]},"1":{"type":"branch","line":2,"loc":{"start":{"line":2,"column":14},"end":{"line":2,"column":39}},"locations":[{"start":{"line":2,"column":14},"end":{"line":2,"column":39}}]}},"b":{"0":[1],"1":[2]},"fnMap":{"0":{"name":"sum","decl":{"start":{"line":1,"column":12},"end":{"line":2,"column":40}},"loc":{"start":{"line":1,"column":12},"end":{"line":2,"column":40}},"line":1}},"f":{"0":1}}
}
