TN:
SF:analyzeArray.ts
FN:8,analyzeArray
FNF:1
FNH:1
FNDA:12,analyzeArray
DA:1,1
DA:2,1
DA:3,1
DA:4,1
DA:5,1
DA:6,1
DA:7,1
DA:8,1
DA:9,12
DA:10,12
DA:11,12
DA:12,12
DA:13,12
DA:14,12
DA:15,12
DA:16,12
DA:17,49
DA:18,49
DA:19,49
DA:20,12
DA:21,12
DA:22,12
DA:23,12
DA:24,12
DA:25,12
DA:26,12
DA:27,1
DA:28,1
LF:28
LH:28
BRDA:8,0,0,12
BRDA:11,1,0,4
BRDA:12,2,0,4
BRDA:23,3,0,4
BRDA:16,4,0,49
BRDA:17,5,0,0
BRDA:18,6,0,0
BRDA:19,7,0,0
BRF:8
BRH:5
end_of_record
TN:
SF:caesarCipher.ts
FN:1,isUpperAlpha
FN:5,isLowerAlpha
FN:9,clampChar
FN:30,caesarCipher
FNF:4
FNH:4
FNDA:13,isUpperAlpha
FNDA:22,isLowerAlpha
FNDA:22,clampChar
FNDA:7,caesarCipher
DA:1,1
DA:2,13
DA:3,1
DA:4,1
DA:5,1
DA:6,22
DA:7,1
DA:8,1
DA:9,1
DA:10,22
DA:11,22
DA:12,22
DA:13,22
DA:14,9
DA:15,22
DA:16,12
DA:17,13
DA:18,1
DA:19,1
DA:20,21
DA:21,21
DA:22,21
DA:23,21
DA:24,21
DA:25,22
DA:26,22
DA:27,22
DA:28,22
DA:29,1
DA:30,1
DA:31,1
DA:32,1
DA:33,1
LF:33
LH:33
BRDA:1,0,0,13
BRDA:2,1,0,12
BRDA:5,2,0,22
BRDA:6,3,0,9
BRDA:9,4,0,22
BRDA:13,5,0,9
BRDA:15,6,0,13
BRDA:15,7,0,12
BRDA:17,8,0,1
BRDA:19,9,0,21
BRDA:25,10,0,6
BRDA:25,11,0,15
BRDA:30,12,0,7
BRDA:31,13,0,22
BRF:14
BRH:14
end_of_record
TN:
SF:calculator.ts
FN:2,add
FN:3,subtract
FN:4,multiply
FN:5,divide
FNF:4
FNH:4
FNDA:5,add
FNDA:5,subtract
FNDA:5,multiply
FNDA:5,divide
DA:1,1
DA:2,1
DA:3,1
DA:4,1
DA:5,1
DA:6,1
DA:7,1
DA:8,1
LF:8
LH:8
BRDA:2,0,0,5
BRDA:3,1,0,5
BRDA:4,2,0,5
BRDA:5,3,0,5
BRF:4
BRH:4
end_of_record
TN:
SF:capitalize.ts
FN:1,capitalize
FNF:1
FNH:1
FNDA:3,capitalize
DA:1,1
DA:2,1
DA:3,1
LF:3
LH:3
BRDA:1,0,0,3
BRF:1
BRH:1
end_of_record
TN:
SF:reverseString.ts
FN:1,reverseString
FNF:1
FNH:1
FNDA:4,reverseString
DA:1,1
DA:2,1
DA:3,1
DA:4,1
LF:4
LH:4
BRDA:1,0,0,4
BRDA:2,1,0,29
BRF:2
BRH:2
end_of_record
TN:
SF:sum.ts
FNF:0
FNH:0
DA:1,1
LF:1
LH:1
BRF:0
BRH:0
end_of_record
